<?xml version="1.0" encoding="UTF-8"?>
<testng-results skipped="0" failed="0" ignored="0" total="1" passed="1">
  <reporter-output>
  </reporter-output>
  <suite name="Default suite" duration-ms="9178" started-at="2019-08-27T08:31:13Z" finished-at="2019-08-27T08:31:22Z">
    <groups>
    </groups>
    <test name="Default test" duration-ms="9178" started-at="2019-08-27T08:31:13Z" finished-at="2019-08-27T08:31:22Z">
      <class name="Test2">
        <test-method status="PASS" signature="test()[pri:0, instance:Test2@4cc0edeb]" name="test" duration-ms="9139" started-at="2019-08-27T08:31:13Z" finished-at="2019-08-27T08:31:22Z">
          <reporter-output>
          </reporter-output>
        </test-method> <!-- test -->
      </class> <!-- Test2 -->
    </test> <!-- Default test -->
  </suite> <!-- Default suite -->
</testng-results>
